<?xml version="1.0" encoding="UTF-8"?>
<!-- Generated by org.testng.reporters.JUnitReportReporter -->
<testsuite skipped="0" hostname="LAPTOP-HTNIBIF4" name="sample.samplee" tests="1" failures="0" timestamp="2021-10-13T16:40:35 IST" time="0.015" errors="0">
  <testcase name="ram" time="0.015" classname="sample.samplee"/>
  <system-out/>
</testsuite> <!-- sample.samplee -->
