<?xml version="1.0" encoding="UTF-8"?>
<!-- Generated by org.testng.reporters.JUnitReportReporter -->
<testsuite skipped="0" hostname="LAPTOP-HTNIBIF4" name="sample.base" tests="1" failures="0" timestamp="2021-10-13T17:44:40 IST" time="1.779" errors="0">
  <testcase name="login" time="1.779" classname="sample.base"/>
  <system-out/>
</testsuite> <!-- sample.base -->
