<?xml version="1.0" encoding="UTF-8"?>
<!-- Generated by org.testng.reporters.JUnitReportReporter -->
<testsuite skipped="0" hostname="LAPTOP-HTNIBIF4" name="sample.webview" tests="6" failures="0" timestamp="2021-10-14T11:17:17 IST" time="102.204" errors="0">
  <testcase name="longpress" time="19.658" classname="sample.webview"/>
  <system-out/>
  <testcase name="activateapp" time="14.954" classname="sample.webview"/>
  <system-out/>
  <testcase name="runinbackground" time="11.258" classname="sample.webview"/>
  <system-out/>
  <testcase name="scroll" time="14.388" classname="sample.webview"/>
  <system-out/>
  <testcase name="lock" time="14.259" classname="sample.webview"/>
  <system-out/>
  <testcase name="ram" time="27.687" classname="sample.webview"/>
  <system-out/>
</testsuite> <!-- sample.webview -->
